<?xml version="1.0" encoding="UTF-8"?>
<testsuite xmlns:xsi="http://www.w3.org/2001/XMLSchema-instance" xsi:noNamespaceSchemaLocation="https://maven.apache.org/surefire/maven-surefire-plugin/xsd/surefire-test-report-3.0.xsd" version="3.0" name="com.company.envchecker.collector.SystemInfoCollectorTest" time="0.036" tests="9" errors="0" skipped="0" failures="0">
  <properties>
    <property name="java.specification.version" value="17"/>
    <property name="sun.jnu.encoding" value="UTF-8"/>
    <property name="java.class.path" value="/Users/zay/aiyanazhang-1/java-environment-checker/target/test-classes:/Users/zay/aiyanazhang-1/java-environment-checker/target/classes:/Users/zay/.m2/repository/com/google/code/gson/gson/2.10.1/gson-2.10.1.jar:/Users/zay/.m2/repository/commons-cli/commons-cli/1.5.0/commons-cli-1.5.0.jar:/Users/zay/.m2/repository/org/junit/jupiter/junit-jupiter-engine/5.8.2/junit-jupiter-engine-5.8.2.jar:/Users/zay/.m2/repository/org/junit/platform/junit-platform-engine/1.8.2/junit-platform-engine-1.8.2.jar:/Users/zay/.m2/repository/org/apiguardian/apiguardian-api/1.1.2/apiguardian-api-1.1.2.jar:/Users/zay/.m2/repository/org/junit/jupiter/junit-jupiter-api/5.8.2/junit-jupiter-api-5.8.2.jar:/Users/zay/.m2/repository/org/opentest4j/opentest4j/1.2.0/opentest4j-1.2.0.jar:/Users/zay/.m2/repository/org/junit/platform/junit-platform-commons/1.8.2/junit-platform-commons-1.8.2.jar:/Users/zay/.m2/repository/org/junit/jupiter/junit-jupiter-params/5.8.2/junit-jupiter-params-5.8.2.jar:"/>
    <property name="java.vm.vendor" value="Oracle Corporation"/>
    <property name="sun.arch.data.model" value="64"/>
    <property name="java.vendor.url" value="https://java.oracle.com/"/>
    <property name="os.name" value="Mac OS X"/>
    <property name="java.vm.specification.version" value="17"/>
    <property name="sun.java.launcher" value="SUN_STANDARD"/>
    <property name="user.country" value="CN"/>
    <property name="sun.boot.library.path" value="/Users/zay/opt/jdk/jdk-17.0.2.jdk/Contents/Home/lib"/>
    <property name="sun.java.command" value="/Users/zay/aiyanazhang-1/java-environment-checker/target/surefire/surefirebooter-20250923151858692_3.jar /Users/zay/aiyanazhang-1/java-environment-checker/target/surefire 2025-09-23T15-18-58_486-jvmRun1 surefire-20250923151858692_1tmp surefire_0-20250923151858692_2tmp"/>
    <property name="jdk.debug" value="release"/>
    <property name="surefire.test.class.path" value="/Users/zay/aiyanazhang-1/java-environment-checker/target/test-classes:/Users/zay/aiyanazhang-1/java-environment-checker/target/classes:/Users/zay/.m2/repository/com/google/code/gson/gson/2.10.1/gson-2.10.1.jar:/Users/zay/.m2/repository/commons-cli/commons-cli/1.5.0/commons-cli-1.5.0.jar:/Users/zay/.m2/repository/org/junit/jupiter/junit-jupiter-engine/5.8.2/junit-jupiter-engine-5.8.2.jar:/Users/zay/.m2/repository/org/junit/platform/junit-platform-engine/1.8.2/junit-platform-engine-1.8.2.jar:/Users/zay/.m2/repository/org/apiguardian/apiguardian-api/1.1.2/apiguardian-api-1.1.2.jar:/Users/zay/.m2/repository/org/junit/jupiter/junit-jupiter-api/5.8.2/junit-jupiter-api-5.8.2.jar:/Users/zay/.m2/repository/org/opentest4j/opentest4j/1.2.0/opentest4j-1.2.0.jar:/Users/zay/.m2/repository/org/junit/platform/junit-platform-commons/1.8.2/junit-platform-commons-1.8.2.jar:/Users/zay/.m2/repository/org/junit/jupiter/junit-jupiter-params/5.8.2/junit-jupiter-params-5.8.2.jar:"/>
    <property name="sun.cpu.endian" value="little"/>
    <property name="user.home" value="/Users/zay"/>
    <property name="user.language" value="zh"/>
    <property name="java.specification.vendor" value="Oracle Corporation"/>
    <property name="java.version.date" value="2022-01-18"/>
    <property name="java.home" value="/Users/zay/opt/jdk/jdk-17.0.2.jdk/Contents/Home"/>
    <property name="file.separator" value="/"/>
    <property name="basedir" value="/Users/zay/aiyanazhang-1/java-environment-checker"/>
    <property name="java.vm.compressedOopsMode" value="Zero based"/>
    <property name="line.separator" value="&#10;"/>
    <property name="java.vm.specification.vendor" value="Oracle Corporation"/>
    <property name="java.specification.name" value="Java Platform API Specification"/>
    <property name="surefire.real.class.path" value="/Users/zay/aiyanazhang-1/java-environment-checker/target/surefire/surefirebooter-20250923151858692_3.jar"/>
    <property name="user.script" value="Hans"/>
    <property name="sun.management.compiler" value="HotSpot 64-Bit Tiered Compilers"/>
    <property name="java.runtime.version" value="17.0.2+8-86"/>
    <property name="user.name" value="zay"/>
    <property name="path.separator" value=":"/>
    <property name="os.version" value="15.3.1"/>
    <property name="java.runtime.name" value="OpenJDK Runtime Environment"/>
    <property name="file.encoding" value="UTF-8"/>
    <property name="java.vm.name" value="OpenJDK 64-Bit Server VM"/>
    <property name="localRepository" value="/Users/zay/.m2/repository"/>
    <property name="java.vendor.url.bug" value="https://bugreport.java.com/bugreport/"/>
    <property name="java.io.tmpdir" value="/var/folders/b4/m1_nsx4s54b18jlmnghhf5940000gp/T/"/>
    <property name="java.version" value="17.0.2"/>
    <property name="user.dir" value="/Users/zay/aiyanazhang-1/java-environment-checker"/>
    <property name="os.arch" value="aarch64"/>
    <property name="java.vm.specification.name" value="Java Virtual Machine Specification"/>
    <property name="native.encoding" value="UTF-8"/>
    <property name="java.library.path" value="/Users/zay/Library/Java/Extensions:/Library/Java/Extensions:/Network/Library/Java/Extensions:/System/Library/Java/Extensions:/usr/lib/java:."/>
    <property name="java.vm.info" value="mixed mode, sharing"/>
    <property name="java.vendor" value="Oracle Corporation"/>
    <property name="java.vm.version" value="17.0.2+8-86"/>
    <property name="sun.io.unicode.encoding" value="UnicodeBig"/>
    <property name="java.class.version" value="61.0"/>
  </properties>
  <testcase name="isLinux_ShouldReturnCorrectResult" classname="com.company.envchecker.collector.SystemInfoCollectorTest" time="0.014"/>
  <testcase name="getPathSeparator_ShouldReturnValidSeparator" classname="com.company.envchecker.collector.SystemInfoCollectorTest" time="0"/>
  <testcase name="isWindows_ShouldReturnCorrectResult" classname="com.company.envchecker.collector.SystemInfoCollectorTest" time="0"/>
  <testcase name="isMacOS_ShouldReturnCorrectResult" classname="com.company.envchecker.collector.SystemInfoCollectorTest" time="0"/>
  <testcase name="getDetailedOSInfo_ShouldReturnFormattedOSInfo" classname="com.company.envchecker.collector.SystemInfoCollectorTest" time="0"/>
  <testcase name="getLineSeparator_ShouldReturnValidSeparator" classname="com.company.envchecker.collector.SystemInfoCollectorTest" time="0.001"/>
  <testcase name="getFileSeparator_ShouldReturnValidSeparator" classname="com.company.envchecker.collector.SystemInfoCollectorTest" time="0.001"/>
  <testcase name="getMemoryInfo_ShouldReturnFormattedMemoryInfo" classname="com.company.envchecker.collector.SystemInfoCollectorTest" time="0.005"/>
  <testcase name="collectSystemInfo_ShouldReturnValidSystemInfo" classname="com.company.envchecker.collector.SystemInfoCollectorTest" time="0.001"/>
</testsuite>